build.0/flutter_inappbrowser/outputs/logs/manifest-merger-debug-report.txt
-- Merging decision tree log ---
manifest
ADDED from src\main\AndroidManifest.xml:2:1-12:12
INJECTED from src\main\AndroidManifest.xml:2:1-12:12
INJECTED from src\main\AndroidManifest.xml:2:1-12:12
	package
		ADDED from src\main\AndroidManifest.xml:3:5-55
		INJECTED from src\main\AndroidManifest.xml
		INJECTED from src\main\AndroidManifest.xml
	xmlns:android
		ADDED from src\main\AndroidManifest.xml:2:11-69
uses-permission#android.permission.INTERNET
ADDED from src\main\AndroidManifest.xml:5:5-67
	android:name
		ADDED from src\main\AndroidManifest.xml:5:22-64
application
ADDED from src\main\AndroidManifest.xml:7:5-10:19
activity#com.pichillilorenzo.flutter_inappbrowser.InAppBrowserActivity
ADDED from src\main\AndroidManifest.xml:8:9-146
	android:configChanges
		ADDED from src\main\AndroidManifest.xml:8:88-134
	android:theme
		ADDED from src\main\AndroidManifest.xml:8:19-50
	android:name
		ADDED from src\main\AndroidManifest.xml:8:51-87
activity#com.pichillilorenzo.flutter_inappbrowser.ChromeCustomTabs.ChromeCustomTabsActivity
ADDED from src\main\AndroidManifest.xml:9:9-175
	android:configChanges
		ADDED from src\main\AndroidManifest.xml:9:117-163
	android:theme
		ADDED from src\main\AndroidManifest.xml:9:19-58
	android:name
		ADDED from src\main\AndroidManifest.xml:9:59-116
uses-sdk
INJECTED from src\main\AndroidManifest.xml reason: use-sdk injection requested
INJECTED from src\main\AndroidManifest.xml
INJECTED from src\main\AndroidManifest.xml
	android:minSdkVersion
		INJECTED from src\main\AndroidManifest.xml
		ADDED from src\main\AndroidManifest.xml
		INJECTED from src\main\AndroidManifest.xml